2025-03-04 18:00:09,233 - basicLogger - INFO - Fetching traffic event at index 0.0
2025-03-04 18:01:12,119 - basicLogger - INFO - Fetching traffic event at index 0.0
2025-03-04 18:01:18,292 - basicLogger - INFO - Payload: {'sensorId': '1031', 'eventID': '12dsa3231', 'timestamp': '2025-01-15', 'trafficDensity': 1226, 'incidentReport': 'Minor accident near intersection', 'trace_id': '401ab0a3-dad3-4803-9956-b5fb5eaf9263'}
2025-03-04 18:01:18,293 - basicLogger - INFO - Found traffic event at index 0.0
2025-03-04 18:02:33,348 - basicLogger - INFO - Fetching traffic event at index 1.0
2025-03-04 18:02:39,511 - basicLogger - INFO - Payload: {'sensorId': '1031', 'eventID': '12dsa3231', 'timestamp': '2025-01-15', 'trafficDensity': 1226, 'incidentReport': 'Minor accident near intersection', 'trace_id': '401ab0a3-dad3-4803-9956-b5fb5eaf9263'}
2025-03-04 18:02:40,513 - basicLogger - WARNING - No traffic event found at index 1.0
2025-03-06 10:12:39,687 - basicLogger - INFO - Fetching traffic event at index 1.0
2025-03-06 10:12:45,818 - basicLogger - INFO - Payload: {'sensorId': '1031', 'eventID': '12dsa3231', 'timestamp': '2025-01-15', 'trafficDensity': 1226, 'incidentReport': 'Minor accident near intersection', 'trace_id': '401ab0a3-dad3-4803-9956-b5fb5eaf9263'}
2025-03-06 10:12:46,832 - basicLogger - WARNING - No traffic event found at index 1.0
2025-03-06 10:12:53,808 - basicLogger - INFO - Fetching traffic event at index 0.0
2025-03-06 10:12:59,953 - basicLogger - INFO - Payload: {'sensorId': '1031', 'eventID': '12dsa3231', 'timestamp': '2025-01-15', 'trafficDensity': 1226, 'incidentReport': 'Minor accident near intersection', 'trace_id': '401ab0a3-dad3-4803-9956-b5fb5eaf9263'}
2025-03-06 10:12:59,953 - basicLogger - INFO - Found traffic event at index 0.0
2025-03-06 10:13:30,434 - basicLogger - INFO - Fetching statistics of events
2025-03-06 10:13:37,598 - basicLogger - INFO - Statistics: {'num_temperature': 0, 'num_traffic': 1}
2025-03-06 12:51:27,301 - basicLogger - INFO - Fetching event statistics
2025-03-06 12:51:34,484 - basicLogger - INFO - Statistics: {'num_temperature': 0, 'num_traffic': 1}
2025-03-06 13:19:38,087 - basicLogger - INFO - Fetching traffic_condition event at index 0.0
2025-03-06 13:19:44,210 - basicLogger - INFO - Found traffic_condition event at index 0.0
2025-03-06 13:19:50,391 - basicLogger - INFO - Fetching traffic_condition event at index 0.0
2025-03-06 13:19:56,558 - basicLogger - INFO - Found traffic_condition event at index 0.0
2025-03-06 13:20:05,038 - basicLogger - INFO - Fetching event statistics
2025-03-06 13:20:12,199 - basicLogger - INFO - Statistics: {'num_temperature': 1, 'num_traffic': 2}
2025-03-06 13:20:43,894 - basicLogger - INFO - Fetching traffic_condition event at index 2.0
2025-03-06 13:20:51,073 - basicLogger - WARNING - No traffic_condition event found at index 2.0
2025-03-06 13:20:56,605 - basicLogger - INFO - Fetching traffic_condition event at index 1.0
2025-03-06 13:21:02,784 - basicLogger - INFO - Found traffic_condition event at index 1.0
2025-03-06 13:21:22,346 - basicLogger - INFO - Fetching temperature_condition event at index 1.0
2025-03-06 13:21:29,499 - basicLogger - WARNING - No temperature_condition event found at index 1.0
2025-03-06 13:21:39,244 - basicLogger - INFO - Fetching temperature_condition event at index 0.0
2025-03-06 13:21:46,409 - basicLogger - WARNING - No temperature_condition event found at index 0.0
2025-03-06 13:22:13,012 - basicLogger - INFO - Fetching temperature_condition event at index 0.0
2025-03-06 13:22:20,151 - basicLogger - WARNING - No temperature_condition event found at index 0.0
2025-03-06 13:22:58,992 - basicLogger - INFO - Fetching traffic_condition event at index 0.0
2025-03-06 13:23:05,187 - basicLogger - INFO - Found traffic_condition event at index 0.0
2025-03-06 13:23:14,906 - basicLogger - INFO - Fetching event statistics
2025-03-06 13:23:22,059 - basicLogger - INFO - Statistics: {'num_temperature': 1, 'num_traffic': 2}
2025-03-06 13:23:56,036 - basicLogger - INFO - Fetching temperature_condition event at index 0.0
2025-03-06 13:24:03,174 - basicLogger - WARNING - No temperature_condition event found at index 0.0
2025-03-06 13:25:33,801 - basicLogger - INFO - Fetching event statistics
2025-03-06 13:25:40,948 - basicLogger - INFO - Statistics: {'num_temperature': 1, 'num_traffic': 2}
2025-03-06 13:28:34,155 - basicLogger - INFO - Fetching traffic_condition event at index 0
2025-03-06 13:28:40,324 - basicLogger - INFO - Found traffic_condition event at index 0
2025-03-06 13:28:52,279 - basicLogger - INFO - Fetching temperature_condition event at index 0
2025-03-06 13:28:59,412 - basicLogger - WARNING - No temperature_condition event found at index 0
2025-03-06 13:29:48,972 - basicLogger - INFO - Fetching temperature event at index 0.0
2025-03-06 13:29:55,098 - basicLogger - INFO - Payload: {'sensorId': '1031', 'eventID': '12dsa3231', 'timestamp': '2025-01-15', 'trafficDensity': 1226, 'incidentReport': 'Minor accident near intersection', 'trace_id': '401ab0a3-dad3-4803-9956-b5fb5eaf9263'}
2025-03-06 13:29:55,099 - basicLogger - INFO - Found temperature event at index 0.0
2025-03-06 13:34:46,202 - basicLogger - INFO - Fetching temperature event at index 0
2025-03-06 13:34:52,365 - basicLogger - INFO - Payload: {'sensorId': '1031', 'eventID': '12dsa3231', 'timestamp': '2025-01-15', 'trafficDensity': 1226, 'incidentReport': 'Minor accident near intersection', 'trace_id': '401ab0a3-dad3-4803-9956-b5fb5eaf9263'}
2025-03-06 13:34:52,366 - basicLogger - ERROR - Payload at index 0 is missing 'temperature' property: {'sensorId': '1031', 'eventID': '12dsa3231', 'timestamp': '2025-01-15', 'trafficDensity': 1226, 'incidentReport': 'Minor accident near intersection', 'trace_id': '401ab0a3-dad3-4803-9956-b5fb5eaf9263'}
2025-03-06 13:37:38,212 - basicLogger - INFO - Fetching temperature event at index 0
2025-03-06 13:37:44,376 - basicLogger - INFO - Payload: {'sensorId': '32049', 'eventID': '1232311', 'temperature': 35.0, 'timestamp': '2025-01-15T08:30:00+00:00', 'cityZone': 'Main', 'trace_id': '6980cf9b-7329-4a38-bb6e-497c77e43374'}
2025-03-06 13:37:44,376 - basicLogger - INFO - Found temperature event at index 0
2025-03-06 13:42:43,870 - basicLogger - INFO - Fetching temperature event at index 0
2025-03-06 13:43:45,151 - basicLogger - INFO - Fetching temperature event at index 0
2025-03-06 14:37:04,735 - basicLogger - INFO - Fetching statistics of events
2025-03-06 14:37:11,939 - basicLogger - INFO - Statistics: {'num_temperature': 1, 'num_traffic': 2}
2025-03-06 14:42:18,993 - basicLogger - INFO - Fetching statistics of events
2025-03-06 14:42:26,162 - basicLogger - INFO - Statistics: {'num_temperature': 22, 'num_traffic': 27}
2025-03-06 14:43:03,112 - basicLogger - INFO - Fetching traffic event at index 26.0
2025-03-06 14:43:09,275 - basicLogger - INFO - Payload: {'sensorId': '1031', 'eventID': '12dsa3231', 'timestamp': '2025-01-15', 'trafficDensity': 1226, 'incidentReport': 'Minor accident near intersection', 'trace_id': '401ab0a3-dad3-4803-9956-b5fb5eaf9263'}
2025-03-06 14:43:09,276 - basicLogger - INFO - Payload: {'sensorId': '1031', 'eventID': '12dsa3231', 'timestamp': '2025-01-15', 'trafficDensity': 1226, 'incidentReport': 'Minor accident near intersection', 'trace_id': '84873728-cbc3-4818-9b29-a77a7199f763'}
2025-03-06 14:43:09,276 - basicLogger - INFO - Payload: {'sensorId': '32049', 'eventID': '1232311', 'temperature': 35.0, 'timestamp': '2025-01-15T08:30:00+00:00', 'cityZone': 'Main', 'trace_id': '6980cf9b-7329-4a38-bb6e-497c77e43374'}
2025-03-06 14:43:09,277 - basicLogger - INFO - Payload: {'eventID': 'aa5228c7-4864-49e1-ae56-491241289900', 'sensorId': 'sensor-5477', 'timestamp': '2025-03-06T14:41:37Z', 'temperature': 28.2, 'cityZone': 'bduryrgk', 'trace_id': '9a655103-22df-4347-adcd-bef9f6ed90eb'}
2025-03-06 14:43:09,278 - basicLogger - INFO - Payload: {'eventID': '3071d295-fdc3-4af1-9805-e0a78cb4074a', 'sensorId': 'camera-2596', 'timestamp': '2025-03-06T14:41:41Z', 'trafficDensity': 323, 'incidentReport': '8ece601f85c18f463cc0', 'trace_id': 'ef961641-bc65-4448-a853-2a91d88e2193'}
2025-03-06 14:43:09,278 - basicLogger - INFO - Payload: {'eventID': '9f47597c-ede0-465c-98fc-ed73158849d1', 'sensorId': 'sensor-7264', 'timestamp': '2025-03-06T14:41:41Z', 'temperature': 26.9, 'cityZone': 'wkxhoddi', 'trace_id': '622f6ad4-6c48-47cf-b9e8-33d07d98ed74'}
2025-03-06 14:43:09,279 - basicLogger - INFO - Payload: {'eventID': 'c93ffc7d-46c8-403c-a28f-c669ed14224e', 'sensorId': 'camera-1052', 'timestamp': '2025-03-06T14:41:41Z', 'trafficDensity': 479, 'incidentReport': '5e66d6fb294dcfd1c75b', 'trace_id': '79a14951-6239-4fdd-9716-d44fee4b7731'}
2025-03-06 14:43:09,279 - basicLogger - INFO - Payload: {'eventID': '3df632d6-6560-4b0f-86e5-d436928a60f3', 'sensorId': 'sensor-3704', 'timestamp': '2025-03-06T14:41:41Z', 'temperature': 20.6, 'cityZone': 'tnwnlcnm', 'trace_id': '23f6e973-bc17-4f6a-9ad6-64beb3db0d7a'}
2025-03-06 14:43:09,280 - basicLogger - INFO - Payload: {'eventID': '930c0611-9c43-4621-a519-b848a921f080', 'sensorId': 'camera-3501', 'timestamp': '2025-03-06T14:41:41Z', 'trafficDensity': 309, 'incidentReport': 'a41dcee3c1b892771b45', 'trace_id': '4a62eca6-ec70-4896-964d-11ba2e1cf02e'}
2025-03-06 14:43:09,281 - basicLogger - INFO - Payload: {'eventID': '2e03df36-581a-4b40-830a-91352945cbbd', 'sensorId': 'sensor-7973', 'timestamp': '2025-03-06T14:41:41Z', 'temperature': 28.9, 'cityZone': 'qlknsrqn', 'trace_id': 'a1ee7860-667c-4f36-8df7-fc149072b14a'}
2025-03-06 14:43:09,281 - basicLogger - INFO - Payload: {'eventID': 'baa2e4e4-f029-4554-a2b2-1e2ee85bab0f', 'sensorId': 'camera-5598', 'timestamp': '2025-03-06T14:41:41Z', 'trafficDensity': 107, 'incidentReport': '2844c66d42ab9fc23e7b', 'trace_id': 'cb0c8177-10ae-4998-b609-20807410285e'}
2025-03-06 14:43:09,282 - basicLogger - INFO - Payload: {'eventID': '150e6b65-2295-407a-bfa4-8078e255cc97', 'sensorId': 'sensor-2295', 'timestamp': '2025-03-06T14:41:41Z', 'temperature': 19.6, 'cityZone': 'iubeykij', 'trace_id': '4a676e3b-dad1-41e1-96c9-7af6243f07b3'}
2025-03-06 14:43:09,282 - basicLogger - INFO - Payload: {'eventID': 'cc60a3a3-c229-4400-9b90-1328ca343967', 'sensorId': 'camera-9225', 'timestamp': '2025-03-06T14:41:41Z', 'trafficDensity': 134, 'incidentReport': '60b3780595bb70c5cdc3', 'trace_id': '723f4430-096e-4556-a0d9-1e9d2fafef09'}
2025-03-06 14:43:09,283 - basicLogger - INFO - Payload: {'eventID': '1e2f0abe-acbb-4dec-b69d-f9cfdb9934c6', 'sensorId': 'camera-9125', 'timestamp': '2025-03-06T14:41:42Z', 'trafficDensity': 145, 'incidentReport': '65a1305c13bbaf260811', 'trace_id': '3a58e5e2-ce3c-44eb-a22f-4337caa09cc0'}
2025-03-06 14:43:09,283 - basicLogger - INFO - Payload: {'eventID': '8f8e4d4d-3efe-4746-a14a-f67cd195c3b5', 'sensorId': 'camera-3897', 'timestamp': '2025-03-06T14:41:42Z', 'trafficDensity': 123, 'incidentReport': 'bc09ef5296ebdf4b2784', 'trace_id': 'd91b2fd8-bc61-48a2-92ac-a2fbe22dbf5f'}
2025-03-06 14:43:09,284 - basicLogger - INFO - Payload: {'eventID': 'cf6c7120-c585-4c2e-8a4e-113f769c72f6', 'sensorId': 'camera-3081', 'timestamp': '2025-03-06T14:41:42Z', 'trafficDensity': 271, 'incidentReport': 'f5b29a14623e1feea513', 'trace_id': '986c6de6-0404-4d0e-98c0-7e49956cf4a0'}
2025-03-06 14:43:09,284 - basicLogger - INFO - Payload: {'eventID': '8ab60f5a-5a95-4439-9009-5b8f5d55444c', 'sensorId': 'camera-4570', 'timestamp': '2025-03-06T14:41:42Z', 'trafficDensity': 115, 'incidentReport': '3f9f4c63091b68a70e6e', 'trace_id': '9204bdea-ecad-455f-bffc-a008ab567c0d'}
2025-03-06 14:43:09,285 - basicLogger - INFO - Payload: {'eventID': '0da5b4f1-8d65-4bda-89be-9172ddf76ee7', 'sensorId': 'sensor-8946', 'timestamp': '2025-03-06T14:41:42Z', 'temperature': 20, 'cityZone': 'zmaiffuz', 'trace_id': '688863a8-072a-4273-a334-0831ab34d6d5'}
2025-03-06 14:43:09,285 - basicLogger - INFO - Payload: {'eventID': 'b1b6a7f0-06b4-4b89-bae0-8eeda8f13fca', 'sensorId': 'sensor-9325', 'timestamp': '2025-03-06T14:41:42Z', 'temperature': 31.2, 'cityZone': 'ezphefjq', 'trace_id': '528f341c-d880-452b-8d5e-3be32b1dee4e'}
2025-03-06 14:43:09,286 - basicLogger - INFO - Payload: {'eventID': '0c19b3b1-fab1-4a0c-9ea6-c1f2a708e9ba', 'sensorId': 'sensor-9168', 'timestamp': '2025-03-06T14:41:42Z', 'temperature': 23.6, 'cityZone': 'phqsuhar', 'trace_id': '22fa4566-ebe1-4758-a5e2-8c586d045ed9'}
2025-03-06 14:43:09,287 - basicLogger - INFO - Payload: {'eventID': 'e2dfc9f3-035c-46f2-8301-193b11f50b83', 'sensorId': 'sensor-8466', 'timestamp': '2025-03-06T14:41:42Z', 'temperature': 19.5, 'cityZone': 'wzgvlknb', 'trace_id': '38aca4d4-e134-4704-a346-dbae0830fd70'}
2025-03-06 14:43:09,287 - basicLogger - INFO - Payload: {'eventID': '4f4ca8f5-29dc-418e-96d5-99350ede0d4f', 'sensorId': 'camera-8285', 'timestamp': '2025-03-06T14:41:42Z', 'trafficDensity': 145, 'incidentReport': '26b80a65ca664c07cb16', 'trace_id': '5ef10ed1-a3cd-4700-adb5-5d26ea724856'}
2025-03-06 14:43:09,288 - basicLogger - INFO - Payload: {'eventID': 'dbe20ed7-7d40-419b-910c-dfdb6f413272', 'sensorId': 'camera-8668', 'timestamp': '2025-03-06T14:41:42Z', 'trafficDensity': 64, 'incidentReport': 'efa07f08d0aef4b7435c', 'trace_id': '48ff831d-37cc-4e94-b01b-4381e29eeb9d'}
2025-03-06 14:43:09,288 - basicLogger - INFO - Payload: {'eventID': 'fc2831a5-6019-425a-bedc-d5e93df96067', 'sensorId': 'camera-9093', 'timestamp': '2025-03-06T14:41:42Z', 'trafficDensity': 450, 'incidentReport': '3e419e64b30bcf937478', 'trace_id': '7b8549e1-c722-4233-bf69-0ebb6404a334'}
2025-03-06 14:43:09,288 - basicLogger - INFO - Payload: {'eventID': '02dad1bc-28c8-4910-b2a5-5d418a0a3e43', 'sensorId': 'camera-8158', 'timestamp': '2025-03-06T14:41:42Z', 'trafficDensity': 409, 'incidentReport': 'ef672283ae0b0f27e363', 'trace_id': 'd13a6d03-939d-44fc-b016-9a1f786acc80'}
2025-03-06 14:43:09,289 - basicLogger - INFO - Payload: {'eventID': '16753b3d-a2ea-4ab4-81c6-6f187f8fe5ec', 'sensorId': 'sensor-2817', 'timestamp': '2025-03-06T14:41:42Z', 'temperature': 16.2, 'cityZone': 'vzfppwyb', 'trace_id': 'd46c0da0-0da6-4676-9aa4-3652e5c49252'}
2025-03-06 14:43:09,289 - basicLogger - INFO - Payload: {'eventID': '1d82ec99-800b-43c2-a306-b2b461dc0b10', 'sensorId': 'sensor-5294', 'timestamp': '2025-03-06T14:41:42Z', 'temperature': 26.2, 'cityZone': 'xqryqxzt', 'trace_id': '6849860a-b9b6-44ee-b67c-20562c49c701'}
2025-03-06 14:43:09,290 - basicLogger - INFO - Payload: {'eventID': '286df4a0-6e55-4f5e-a2cf-9f52341f5bf4', 'sensorId': 'sensor-9397', 'timestamp': '2025-03-06T14:41:42Z', 'temperature': 22.5, 'cityZone': 'xftnqqna', 'trace_id': 'fd2dd9c9-777e-47eb-9c52-42b462e3ecd4'}
2025-03-06 14:43:09,290 - basicLogger - INFO - Payload: {'eventID': '1715aaf2-b50c-43b5-9ab3-332c44a1ef93', 'sensorId': 'sensor-5066', 'timestamp': '2025-03-06T14:41:42Z', 'temperature': 18.9, 'cityZone': 'uepznnmf', 'trace_id': '2d8c9308-64f1-4e0d-9813-a3c7dde56749'}
2025-03-06 14:43:09,290 - basicLogger - INFO - Payload: {'eventID': '931d44ff-4185-4a6f-ab28-2a13daa05e87', 'sensorId': 'camera-2652', 'timestamp': '2025-03-06T14:41:42Z', 'trafficDensity': 352, 'incidentReport': '50380d9fdeeb2d96c10e', 'trace_id': 'e63445bd-3794-4503-86cf-a466fea6e657'}
2025-03-06 14:43:09,291 - basicLogger - INFO - Payload: {'eventID': '30977f7a-19d0-489e-ad52-c07ebd270f6d', 'sensorId': 'camera-8715', 'timestamp': '2025-03-06T14:41:42Z', 'trafficDensity': 487, 'incidentReport': '2518edeaee8a2947a9b2', 'trace_id': '14c5de05-c619-45d1-8f2a-cfffb939df91'}
2025-03-06 14:43:09,291 - basicLogger - INFO - Payload: {'eventID': '373bc9a8-d4fc-4f12-a781-73a56f17e41e', 'sensorId': 'camera-4471', 'timestamp': '2025-03-06T14:41:42Z', 'trafficDensity': 282, 'incidentReport': '3fe59a5d1e1851045a4e', 'trace_id': '5517b7e1-443a-4285-a30b-038ee9e266f1'}
2025-03-06 14:43:09,291 - basicLogger - INFO - Payload: {'eventID': '68ee21e5-d756-4af8-b7bb-a0769d373610', 'sensorId': 'camera-1203', 'timestamp': '2025-03-06T14:41:42Z', 'trafficDensity': 326, 'incidentReport': '9ddfd5753bd2abd66bfb', 'trace_id': 'a8247baf-80df-4ea8-bc81-7d28932fdf74'}
2025-03-06 14:43:09,292 - basicLogger - INFO - Payload: {'eventID': '8d8c7d8e-7325-4244-878d-84a1ed84ab56', 'sensorId': 'sensor-9421', 'timestamp': '2025-03-06T14:41:42Z', 'temperature': 28.1, 'cityZone': 'npdyrheu', 'trace_id': 'a74c9ab8-6e14-4d8a-a2cf-a0abc98ffe49'}
2025-03-06 14:43:09,292 - basicLogger - INFO - Payload: {'eventID': '8a254162-9f94-40f1-9744-3d13ca3abedb', 'sensorId': 'sensor-4489', 'timestamp': '2025-03-06T14:41:42Z', 'temperature': 18.7, 'cityZone': 'sclmzrhm', 'trace_id': '2ee62200-24a0-413b-a974-323b5f2a6596'}
2025-03-06 14:43:09,293 - basicLogger - INFO - Payload: {'eventID': '5f333543-edae-4176-906f-ce0c6d5261c8', 'sensorId': 'sensor-9926', 'timestamp': '2025-03-06T14:41:42Z', 'temperature': 27.2, 'cityZone': 'vmwkqixp', 'trace_id': '63cc72de-3303-4076-80d3-34dcaf4ab05f'}
2025-03-06 14:43:09,293 - basicLogger - INFO - Payload: {'eventID': '1b6e8846-b115-4d31-bf30-08cdf9035411', 'sensorId': 'camera-8705', 'timestamp': '2025-03-06T14:41:42Z', 'trafficDensity': 61, 'incidentReport': '53792104b780c862ab5e', 'trace_id': 'db616452-41fd-4991-b405-3cfaf8d162a5'}
2025-03-06 14:43:09,294 - basicLogger - INFO - Payload: {'eventID': '434ed8ef-e816-4263-b405-771520b92305', 'sensorId': 'sensor-1525', 'timestamp': '2025-03-06T14:41:42Z', 'temperature': 23.6, 'cityZone': 'wwoigbgv', 'trace_id': '4f48a1b3-f381-4f28-abe4-5836200098e6'}
2025-03-06 14:43:09,294 - basicLogger - INFO - Payload: {'eventID': '11651021-ccbd-4e13-b772-2b75dd544324', 'sensorId': 'camera-3736', 'timestamp': '2025-03-06T14:41:42Z', 'trafficDensity': 100, 'incidentReport': 'ab472f45682ce4cabcd4', 'trace_id': 'b0cd66ed-97d8-4e34-aa7a-0c94f2ec2e2d'}
2025-03-06 14:43:09,295 - basicLogger - INFO - Payload: {'eventID': 'b35d99d2-526c-4a09-a02f-e0cf50491e3c', 'sensorId': 'camera-1519', 'timestamp': '2025-03-06T14:41:42Z', 'trafficDensity': 130, 'incidentReport': '3ca1d9cb3205742e63d6', 'trace_id': '27e481b3-a214-43c8-be86-5ab07481b86b'}
2025-03-06 14:43:09,295 - basicLogger - INFO - Payload: {'eventID': 'b523976c-7ab7-4ab4-b260-83dde9f1797f', 'sensorId': 'sensor-7310', 'timestamp': '2025-03-06T14:41:42Z', 'temperature': 31.5, 'cityZone': 'qbywrejb', 'trace_id': '19e9e294-162d-4b32-955c-85e05de17b6a'}
2025-03-06 14:43:09,296 - basicLogger - INFO - Payload: {'eventID': 'ed4fb697-d6b4-4d07-babb-906e9dbce432', 'sensorId': 'camera-4841', 'timestamp': '2025-03-06T14:41:42Z', 'trafficDensity': 357, 'incidentReport': '445f5d9b45db0434659d', 'trace_id': '5e0c7f0e-8549-436e-9c7a-236861f7922f'}
2025-03-06 14:43:09,296 - basicLogger - INFO - Payload: {'eventID': '10b74ba1-29a2-4c8b-96eb-00ca23261045', 'sensorId': 'sensor-6730', 'timestamp': '2025-03-06T14:41:42Z', 'temperature': 29.6, 'cityZone': 'qoriefhk', 'trace_id': 'e8fe62a4-72af-40e2-b92f-152e67d618e2'}
2025-03-06 14:43:09,297 - basicLogger - INFO - Payload: {'eventID': '15f7872e-8535-4f7e-8fed-b8decae6f4e6', 'sensorId': 'camera-3246', 'timestamp': '2025-03-06T14:41:42Z', 'trafficDensity': 91, 'incidentReport': '706fdcd58ae8ca786883', 'trace_id': '3d61bcf6-c051-4e02-b5be-1ff3c5357cf1'}
2025-03-06 14:43:09,297 - basicLogger - INFO - Payload: {'eventID': 'f27b8b76-7ddb-4ae3-a2aa-e6926e2232e4', 'sensorId': 'sensor-3409', 'timestamp': '2025-03-06T14:41:42Z', 'temperature': 20.6, 'cityZone': 'mqxueykk', 'trace_id': 'd32d988d-67d8-492f-81bc-a1e8e4bd39ef'}
2025-03-06 14:43:09,297 - basicLogger - INFO - Payload: {'eventID': '1c99b8b7-8b17-4a8d-9360-b7afa881c759', 'sensorId': 'sensor-9264', 'timestamp': '2025-03-06T14:41:42Z', 'temperature': 22.6, 'cityZone': 'hmkssqzh', 'trace_id': '0c85311c-edeb-4d5d-a300-ccea98ee0263'}
2025-03-06 14:43:09,298 - basicLogger - INFO - Payload: {'eventID': '2683eab1-d419-4f82-93c9-e064b964d395', 'sensorId': 'camera-8086', 'timestamp': '2025-03-06T14:41:42Z', 'trafficDensity': 57, 'incidentReport': '721271047161c5d2c730', 'trace_id': '3ba3470a-8b26-46ff-b51d-10647aa4b726'}
2025-03-06 14:43:09,298 - basicLogger - INFO - Payload: {'eventID': '60204093-1888-40d3-95e0-4a2ed4335364', 'sensorId': 'camera-2536', 'timestamp': '2025-03-06T14:41:42Z', 'trafficDensity': 478, 'incidentReport': 'd5bd196c684a3e9496ac', 'trace_id': 'c8e77b03-ccd7-48c7-b4fd-ab0f5b7dbe90'}
2025-03-06 14:43:09,299 - basicLogger - INFO - Payload: {'eventID': '31a5e1f1-c3d7-4357-85ea-a60f4b79e569', 'sensorId': 'camera-6950', 'timestamp': '2025-03-06T14:41:42Z', 'trafficDensity': 190, 'incidentReport': 'de56025bd91726d8f7c3', 'trace_id': '6ec7ddd0-c8ef-4989-bb4a-a2a99e1715cf'}
2025-03-06 14:43:21,429 - basicLogger - INFO - Fetching traffic event at index 27.0
2025-03-06 14:43:27,569 - basicLogger - INFO - Payload: {'sensorId': '1031', 'eventID': '12dsa3231', 'timestamp': '2025-01-15', 'trafficDensity': 1226, 'incidentReport': 'Minor accident near intersection', 'trace_id': '401ab0a3-dad3-4803-9956-b5fb5eaf9263'}
2025-03-06 14:43:27,570 - basicLogger - INFO - Payload: {'sensorId': '1031', 'eventID': '12dsa3231', 'timestamp': '2025-01-15', 'trafficDensity': 1226, 'incidentReport': 'Minor accident near intersection', 'trace_id': '84873728-cbc3-4818-9b29-a77a7199f763'}
2025-03-06 14:43:27,570 - basicLogger - INFO - Payload: {'sensorId': '32049', 'eventID': '1232311', 'temperature': 35.0, 'timestamp': '2025-01-15T08:30:00+00:00', 'cityZone': 'Main', 'trace_id': '6980cf9b-7329-4a38-bb6e-497c77e43374'}
2025-03-06 14:43:27,571 - basicLogger - INFO - Payload: {'eventID': 'aa5228c7-4864-49e1-ae56-491241289900', 'sensorId': 'sensor-5477', 'timestamp': '2025-03-06T14:41:37Z', 'temperature': 28.2, 'cityZone': 'bduryrgk', 'trace_id': '9a655103-22df-4347-adcd-bef9f6ed90eb'}
2025-03-06 14:43:27,571 - basicLogger - INFO - Payload: {'eventID': '3071d295-fdc3-4af1-9805-e0a78cb4074a', 'sensorId': 'camera-2596', 'timestamp': '2025-03-06T14:41:41Z', 'trafficDensity': 323, 'incidentReport': '8ece601f85c18f463cc0', 'trace_id': 'ef961641-bc65-4448-a853-2a91d88e2193'}
2025-03-06 14:43:27,572 - basicLogger - INFO - Payload: {'eventID': '9f47597c-ede0-465c-98fc-ed73158849d1', 'sensorId': 'sensor-7264', 'timestamp': '2025-03-06T14:41:41Z', 'temperature': 26.9, 'cityZone': 'wkxhoddi', 'trace_id': '622f6ad4-6c48-47cf-b9e8-33d07d98ed74'}
2025-03-06 14:43:27,572 - basicLogger - INFO - Payload: {'eventID': 'c93ffc7d-46c8-403c-a28f-c669ed14224e', 'sensorId': 'camera-1052', 'timestamp': '2025-03-06T14:41:41Z', 'trafficDensity': 479, 'incidentReport': '5e66d6fb294dcfd1c75b', 'trace_id': '79a14951-6239-4fdd-9716-d44fee4b7731'}
2025-03-06 14:43:27,573 - basicLogger - INFO - Payload: {'eventID': '3df632d6-6560-4b0f-86e5-d436928a60f3', 'sensorId': 'sensor-3704', 'timestamp': '2025-03-06T14:41:41Z', 'temperature': 20.6, 'cityZone': 'tnwnlcnm', 'trace_id': '23f6e973-bc17-4f6a-9ad6-64beb3db0d7a'}
2025-03-06 14:43:27,573 - basicLogger - INFO - Payload: {'eventID': '930c0611-9c43-4621-a519-b848a921f080', 'sensorId': 'camera-3501', 'timestamp': '2025-03-06T14:41:41Z', 'trafficDensity': 309, 'incidentReport': 'a41dcee3c1b892771b45', 'trace_id': '4a62eca6-ec70-4896-964d-11ba2e1cf02e'}
2025-03-06 14:43:27,573 - basicLogger - INFO - Payload: {'eventID': '2e03df36-581a-4b40-830a-91352945cbbd', 'sensorId': 'sensor-7973', 'timestamp': '2025-03-06T14:41:41Z', 'temperature': 28.9, 'cityZone': 'qlknsrqn', 'trace_id': 'a1ee7860-667c-4f36-8df7-fc149072b14a'}
2025-03-06 14:43:27,574 - basicLogger - INFO - Payload: {'eventID': 'baa2e4e4-f029-4554-a2b2-1e2ee85bab0f', 'sensorId': 'camera-5598', 'timestamp': '2025-03-06T14:41:41Z', 'trafficDensity': 107, 'incidentReport': '2844c66d42ab9fc23e7b', 'trace_id': 'cb0c8177-10ae-4998-b609-20807410285e'}
2025-03-06 14:43:27,574 - basicLogger - INFO - Payload: {'eventID': '150e6b65-2295-407a-bfa4-8078e255cc97', 'sensorId': 'sensor-2295', 'timestamp': '2025-03-06T14:41:41Z', 'temperature': 19.6, 'cityZone': 'iubeykij', 'trace_id': '4a676e3b-dad1-41e1-96c9-7af6243f07b3'}
2025-03-06 14:43:27,575 - basicLogger - INFO - Payload: {'eventID': 'cc60a3a3-c229-4400-9b90-1328ca343967', 'sensorId': 'camera-9225', 'timestamp': '2025-03-06T14:41:41Z', 'trafficDensity': 134, 'incidentReport': '60b3780595bb70c5cdc3', 'trace_id': '723f4430-096e-4556-a0d9-1e9d2fafef09'}
2025-03-06 14:43:27,575 - basicLogger - INFO - Payload: {'eventID': '1e2f0abe-acbb-4dec-b69d-f9cfdb9934c6', 'sensorId': 'camera-9125', 'timestamp': '2025-03-06T14:41:42Z', 'trafficDensity': 145, 'incidentReport': '65a1305c13bbaf260811', 'trace_id': '3a58e5e2-ce3c-44eb-a22f-4337caa09cc0'}
2025-03-06 14:43:27,576 - basicLogger - INFO - Payload: {'eventID': '8f8e4d4d-3efe-4746-a14a-f67cd195c3b5', 'sensorId': 'camera-3897', 'timestamp': '2025-03-06T14:41:42Z', 'trafficDensity': 123, 'incidentReport': 'bc09ef5296ebdf4b2784', 'trace_id': 'd91b2fd8-bc61-48a2-92ac-a2fbe22dbf5f'}
2025-03-06 14:43:27,576 - basicLogger - INFO - Payload: {'eventID': 'cf6c7120-c585-4c2e-8a4e-113f769c72f6', 'sensorId': 'camera-3081', 'timestamp': '2025-03-06T14:41:42Z', 'trafficDensity': 271, 'incidentReport': 'f5b29a14623e1feea513', 'trace_id': '986c6de6-0404-4d0e-98c0-7e49956cf4a0'}
2025-03-06 14:43:27,577 - basicLogger - INFO - Payload: {'eventID': '8ab60f5a-5a95-4439-9009-5b8f5d55444c', 'sensorId': 'camera-4570', 'timestamp': '2025-03-06T14:41:42Z', 'trafficDensity': 115, 'incidentReport': '3f9f4c63091b68a70e6e', 'trace_id': '9204bdea-ecad-455f-bffc-a008ab567c0d'}
2025-03-06 14:43:27,577 - basicLogger - INFO - Payload: {'eventID': '0da5b4f1-8d65-4bda-89be-9172ddf76ee7', 'sensorId': 'sensor-8946', 'timestamp': '2025-03-06T14:41:42Z', 'temperature': 20, 'cityZone': 'zmaiffuz', 'trace_id': '688863a8-072a-4273-a334-0831ab34d6d5'}
2025-03-06 14:43:27,578 - basicLogger - INFO - Payload: {'eventID': 'b1b6a7f0-06b4-4b89-bae0-8eeda8f13fca', 'sensorId': 'sensor-9325', 'timestamp': '2025-03-06T14:41:42Z', 'temperature': 31.2, 'cityZone': 'ezphefjq', 'trace_id': '528f341c-d880-452b-8d5e-3be32b1dee4e'}
2025-03-06 14:43:27,578 - basicLogger - INFO - Payload: {'eventID': '0c19b3b1-fab1-4a0c-9ea6-c1f2a708e9ba', 'sensorId': 'sensor-9168', 'timestamp': '2025-03-06T14:41:42Z', 'temperature': 23.6, 'cityZone': 'phqsuhar', 'trace_id': '22fa4566-ebe1-4758-a5e2-8c586d045ed9'}
2025-03-06 14:43:27,578 - basicLogger - INFO - Payload: {'eventID': 'e2dfc9f3-035c-46f2-8301-193b11f50b83', 'sensorId': 'sensor-8466', 'timestamp': '2025-03-06T14:41:42Z', 'temperature': 19.5, 'cityZone': 'wzgvlknb', 'trace_id': '38aca4d4-e134-4704-a346-dbae0830fd70'}
2025-03-06 14:43:27,579 - basicLogger - INFO - Payload: {'eventID': '4f4ca8f5-29dc-418e-96d5-99350ede0d4f', 'sensorId': 'camera-8285', 'timestamp': '2025-03-06T14:41:42Z', 'trafficDensity': 145, 'incidentReport': '26b80a65ca664c07cb16', 'trace_id': '5ef10ed1-a3cd-4700-adb5-5d26ea724856'}
2025-03-06 14:43:27,579 - basicLogger - INFO - Payload: {'eventID': 'dbe20ed7-7d40-419b-910c-dfdb6f413272', 'sensorId': 'camera-8668', 'timestamp': '2025-03-06T14:41:42Z', 'trafficDensity': 64, 'incidentReport': 'efa07f08d0aef4b7435c', 'trace_id': '48ff831d-37cc-4e94-b01b-4381e29eeb9d'}
2025-03-06 14:43:27,579 - basicLogger - INFO - Payload: {'eventID': 'fc2831a5-6019-425a-bedc-d5e93df96067', 'sensorId': 'camera-9093', 'timestamp': '2025-03-06T14:41:42Z', 'trafficDensity': 450, 'incidentReport': '3e419e64b30bcf937478', 'trace_id': '7b8549e1-c722-4233-bf69-0ebb6404a334'}
2025-03-06 14:43:27,580 - basicLogger - INFO - Payload: {'eventID': '02dad1bc-28c8-4910-b2a5-5d418a0a3e43', 'sensorId': 'camera-8158', 'timestamp': '2025-03-06T14:41:42Z', 'trafficDensity': 409, 'incidentReport': 'ef672283ae0b0f27e363', 'trace_id': 'd13a6d03-939d-44fc-b016-9a1f786acc80'}
2025-03-06 14:43:27,581 - basicLogger - INFO - Payload: {'eventID': '16753b3d-a2ea-4ab4-81c6-6f187f8fe5ec', 'sensorId': 'sensor-2817', 'timestamp': '2025-03-06T14:41:42Z', 'temperature': 16.2, 'cityZone': 'vzfppwyb', 'trace_id': 'd46c0da0-0da6-4676-9aa4-3652e5c49252'}
2025-03-06 14:43:27,581 - basicLogger - INFO - Payload: {'eventID': '1d82ec99-800b-43c2-a306-b2b461dc0b10', 'sensorId': 'sensor-5294', 'timestamp': '2025-03-06T14:41:42Z', 'temperature': 26.2, 'cityZone': 'xqryqxzt', 'trace_id': '6849860a-b9b6-44ee-b67c-20562c49c701'}
2025-03-06 14:43:27,582 - basicLogger - INFO - Payload: {'eventID': '286df4a0-6e55-4f5e-a2cf-9f52341f5bf4', 'sensorId': 'sensor-9397', 'timestamp': '2025-03-06T14:41:42Z', 'temperature': 22.5, 'cityZone': 'xftnqqna', 'trace_id': 'fd2dd9c9-777e-47eb-9c52-42b462e3ecd4'}
2025-03-06 14:43:27,582 - basicLogger - INFO - Payload: {'eventID': '1715aaf2-b50c-43b5-9ab3-332c44a1ef93', 'sensorId': 'sensor-5066', 'timestamp': '2025-03-06T14:41:42Z', 'temperature': 18.9, 'cityZone': 'uepznnmf', 'trace_id': '2d8c9308-64f1-4e0d-9813-a3c7dde56749'}
2025-03-06 14:43:27,582 - basicLogger - INFO - Payload: {'eventID': '931d44ff-4185-4a6f-ab28-2a13daa05e87', 'sensorId': 'camera-2652', 'timestamp': '2025-03-06T14:41:42Z', 'trafficDensity': 352, 'incidentReport': '50380d9fdeeb2d96c10e', 'trace_id': 'e63445bd-3794-4503-86cf-a466fea6e657'}
2025-03-06 14:43:27,583 - basicLogger - INFO - Payload: {'eventID': '30977f7a-19d0-489e-ad52-c07ebd270f6d', 'sensorId': 'camera-8715', 'timestamp': '2025-03-06T14:41:42Z', 'trafficDensity': 487, 'incidentReport': '2518edeaee8a2947a9b2', 'trace_id': '14c5de05-c619-45d1-8f2a-cfffb939df91'}
2025-03-06 14:43:27,583 - basicLogger - INFO - Payload: {'eventID': '373bc9a8-d4fc-4f12-a781-73a56f17e41e', 'sensorId': 'camera-4471', 'timestamp': '2025-03-06T14:41:42Z', 'trafficDensity': 282, 'incidentReport': '3fe59a5d1e1851045a4e', 'trace_id': '5517b7e1-443a-4285-a30b-038ee9e266f1'}
2025-03-06 14:43:27,584 - basicLogger - INFO - Payload: {'eventID': '68ee21e5-d756-4af8-b7bb-a0769d373610', 'sensorId': 'camera-1203', 'timestamp': '2025-03-06T14:41:42Z', 'trafficDensity': 326, 'incidentReport': '9ddfd5753bd2abd66bfb', 'trace_id': 'a8247baf-80df-4ea8-bc81-7d28932fdf74'}
2025-03-06 14:43:27,584 - basicLogger - INFO - Payload: {'eventID': '8d8c7d8e-7325-4244-878d-84a1ed84ab56', 'sensorId': 'sensor-9421', 'timestamp': '2025-03-06T14:41:42Z', 'temperature': 28.1, 'cityZone': 'npdyrheu', 'trace_id': 'a74c9ab8-6e14-4d8a-a2cf-a0abc98ffe49'}
2025-03-06 14:43:27,585 - basicLogger - INFO - Payload: {'eventID': '8a254162-9f94-40f1-9744-3d13ca3abedb', 'sensorId': 'sensor-4489', 'timestamp': '2025-03-06T14:41:42Z', 'temperature': 18.7, 'cityZone': 'sclmzrhm', 'trace_id': '2ee62200-24a0-413b-a974-323b5f2a6596'}
2025-03-06 14:43:27,585 - basicLogger - INFO - Payload: {'eventID': '5f333543-edae-4176-906f-ce0c6d5261c8', 'sensorId': 'sensor-9926', 'timestamp': '2025-03-06T14:41:42Z', 'temperature': 27.2, 'cityZone': 'vmwkqixp', 'trace_id': '63cc72de-3303-4076-80d3-34dcaf4ab05f'}
2025-03-06 14:43:27,585 - basicLogger - INFO - Payload: {'eventID': '1b6e8846-b115-4d31-bf30-08cdf9035411', 'sensorId': 'camera-8705', 'timestamp': '2025-03-06T14:41:42Z', 'trafficDensity': 61, 'incidentReport': '53792104b780c862ab5e', 'trace_id': 'db616452-41fd-4991-b405-3cfaf8d162a5'}
2025-03-06 14:43:27,586 - basicLogger - INFO - Payload: {'eventID': '434ed8ef-e816-4263-b405-771520b92305', 'sensorId': 'sensor-1525', 'timestamp': '2025-03-06T14:41:42Z', 'temperature': 23.6, 'cityZone': 'wwoigbgv', 'trace_id': '4f48a1b3-f381-4f28-abe4-5836200098e6'}
2025-03-06 14:43:27,586 - basicLogger - INFO - Payload: {'eventID': '11651021-ccbd-4e13-b772-2b75dd544324', 'sensorId': 'camera-3736', 'timestamp': '2025-03-06T14:41:42Z', 'trafficDensity': 100, 'incidentReport': 'ab472f45682ce4cabcd4', 'trace_id': 'b0cd66ed-97d8-4e34-aa7a-0c94f2ec2e2d'}
2025-03-06 14:43:27,587 - basicLogger - INFO - Payload: {'eventID': 'b35d99d2-526c-4a09-a02f-e0cf50491e3c', 'sensorId': 'camera-1519', 'timestamp': '2025-03-06T14:41:42Z', 'trafficDensity': 130, 'incidentReport': '3ca1d9cb3205742e63d6', 'trace_id': '27e481b3-a214-43c8-be86-5ab07481b86b'}
2025-03-06 14:43:27,587 - basicLogger - INFO - Payload: {'eventID': 'b523976c-7ab7-4ab4-b260-83dde9f1797f', 'sensorId': 'sensor-7310', 'timestamp': '2025-03-06T14:41:42Z', 'temperature': 31.5, 'cityZone': 'qbywrejb', 'trace_id': '19e9e294-162d-4b32-955c-85e05de17b6a'}
2025-03-06 14:43:27,588 - basicLogger - INFO - Payload: {'eventID': 'ed4fb697-d6b4-4d07-babb-906e9dbce432', 'sensorId': 'camera-4841', 'timestamp': '2025-03-06T14:41:42Z', 'trafficDensity': 357, 'incidentReport': '445f5d9b45db0434659d', 'trace_id': '5e0c7f0e-8549-436e-9c7a-236861f7922f'}
2025-03-06 14:43:27,588 - basicLogger - INFO - Payload: {'eventID': '10b74ba1-29a2-4c8b-96eb-00ca23261045', 'sensorId': 'sensor-6730', 'timestamp': '2025-03-06T14:41:42Z', 'temperature': 29.6, 'cityZone': 'qoriefhk', 'trace_id': 'e8fe62a4-72af-40e2-b92f-152e67d618e2'}
2025-03-06 14:43:27,588 - basicLogger - INFO - Payload: {'eventID': '15f7872e-8535-4f7e-8fed-b8decae6f4e6', 'sensorId': 'camera-3246', 'timestamp': '2025-03-06T14:41:42Z', 'trafficDensity': 91, 'incidentReport': '706fdcd58ae8ca786883', 'trace_id': '3d61bcf6-c051-4e02-b5be-1ff3c5357cf1'}
2025-03-06 14:43:27,589 - basicLogger - INFO - Payload: {'eventID': 'f27b8b76-7ddb-4ae3-a2aa-e6926e2232e4', 'sensorId': 'sensor-3409', 'timestamp': '2025-03-06T14:41:42Z', 'temperature': 20.6, 'cityZone': 'mqxueykk', 'trace_id': 'd32d988d-67d8-492f-81bc-a1e8e4bd39ef'}
2025-03-06 14:43:27,589 - basicLogger - INFO - Payload: {'eventID': '1c99b8b7-8b17-4a8d-9360-b7afa881c759', 'sensorId': 'sensor-9264', 'timestamp': '2025-03-06T14:41:42Z', 'temperature': 22.6, 'cityZone': 'hmkssqzh', 'trace_id': '0c85311c-edeb-4d5d-a300-ccea98ee0263'}
2025-03-06 14:43:27,590 - basicLogger - INFO - Payload: {'eventID': '2683eab1-d419-4f82-93c9-e064b964d395', 'sensorId': 'camera-8086', 'timestamp': '2025-03-06T14:41:42Z', 'trafficDensity': 57, 'incidentReport': '721271047161c5d2c730', 'trace_id': '3ba3470a-8b26-46ff-b51d-10647aa4b726'}
2025-03-06 14:43:27,591 - basicLogger - INFO - Payload: {'eventID': '60204093-1888-40d3-95e0-4a2ed4335364', 'sensorId': 'camera-2536', 'timestamp': '2025-03-06T14:41:42Z', 'trafficDensity': 478, 'incidentReport': 'd5bd196c684a3e9496ac', 'trace_id': 'c8e77b03-ccd7-48c7-b4fd-ab0f5b7dbe90'}
2025-03-06 14:43:27,591 - basicLogger - INFO - Payload: {'eventID': '31a5e1f1-c3d7-4357-85ea-a60f4b79e569', 'sensorId': 'camera-6950', 'timestamp': '2025-03-06T14:41:42Z', 'trafficDensity': 190, 'incidentReport': 'de56025bd91726d8f7c3', 'trace_id': '6ec7ddd0-c8ef-4989-bb4a-a2a99e1715cf'}
2025-03-06 14:43:28,592 - basicLogger - WARNING - No traffic event found at index 27.0
2025-03-06 14:43:49,212 - basicLogger - INFO - Fetching temperature event at index 21
2025-03-06 14:44:01,782 - basicLogger - INFO - Fetching temperature event at index 22
2025-03-06 14:44:08,973 - basicLogger - WARNING - No temperature event found at index 22
2025-03-06 14:44:16,721 - basicLogger - INFO - Fetching temperature event at index 0
