2025-02-05 20:12:02,241 - basicLogger - INFO - Received event temperature_condition with a trace id of a50c18c1-973f-4a0b-960f-44b43f1eadec
2025-02-05 20:12:04,786 - basicLogger - INFO - Response for event temperature_condition (id: a50c18c1-973f-4a0b-960f-44b43f1eadec) has status 200
2025-02-05 20:29:35,655 - basicLogger - INFO - Received event temperature_condition with a trace id of 9990b5bf-f447-4c07-b55c-65e863437bee
2025-02-05 20:29:38,435 - basicLogger - INFO - Response for event temperature_condition (id: 9990b5bf-f447-4c07-b55c-65e863437bee) has status 500
2025-02-05 20:30:02,153 - basicLogger - INFO - Received event temperature_condition with a trace id of 24d6f0bb-f372-43e4-afa9-9ae775372f1a
2025-02-05 20:30:04,622 - basicLogger - INFO - Response for event temperature_condition (id: 24d6f0bb-f372-43e4-afa9-9ae775372f1a) has status 500
2025-02-05 20:30:47,526 - basicLogger - INFO - Received event temperature_condition with a trace id of d9db1a73-7d79-4a7a-94dd-9adb515e19fc
2025-02-05 20:30:50,008 - basicLogger - INFO - Response for event temperature_condition (id: d9db1a73-7d79-4a7a-94dd-9adb515e19fc) has status 500
2025-02-05 20:32:24,667 - basicLogger - INFO - Received event temperature_condition with a trace id of 8ba45e58-ee73-4d57-a138-d8a6f7f75075
2025-02-05 20:32:27,145 - basicLogger - INFO - Response for event temperature_condition (id: 8ba45e58-ee73-4d57-a138-d8a6f7f75075) has status 500
2025-02-05 20:34:25,613 - basicLogger - INFO - Received event temperature_condition with a trace id of b1bdf74a-9ae8-4ecb-b063-703470916a60
2025-02-05 20:34:28,121 - basicLogger - INFO - Response for event temperature_condition (id: b1bdf74a-9ae8-4ecb-b063-703470916a60) has status 500
2025-02-05 21:15:14,777 - basicLogger - INFO - Received event temperature_condition with a trace id of 0b2c46a6-2c7e-40be-a926-6ee4d75cc387
2025-02-05 21:15:17,317 - basicLogger - INFO - Response for event temperature_condition (id: 0b2c46a6-2c7e-40be-a926-6ee4d75cc387) has status 500
2025-02-05 21:21:40,844 - basicLogger - INFO - Received event temperature_condition with a trace id of e850fc38-00b3-4751-915b-87ee4564c02c
2025-02-05 21:21:43,265 - basicLogger - INFO - Response for event temperature_condition (id: e850fc38-00b3-4751-915b-87ee4564c02c) has status 200
2025-02-05 21:23:25,207 - basicLogger - INFO - Received event temperature_condition with a trace id of 5b3f9127-42bf-475f-b1c1-0d759fc0e539
2025-02-05 21:23:27,660 - basicLogger - INFO - Response for event temperature_condition (id: 5b3f9127-42bf-475f-b1c1-0d759fc0e539) has status 200
2025-02-06 13:03:29,115 - basicLogger - INFO - Received event temperature_condition with a trace id of b632408b-6139-4d0c-bc31-87c37bb2e5d2
2025-02-06 13:03:32,521 - basicLogger - INFO - Response for event temperature_condition (id: b632408b-6139-4d0c-bc31-87c37bb2e5d2) has status 200
2025-02-06 13:35:47,133 - basicLogger - INFO - Received event temperature_condition with a trace id of 0640ba89-e79b-4217-a24d-684dc09099e2
2025-02-06 13:35:49,665 - basicLogger - INFO - Response for event temperature_condition (id: 0640ba89-e79b-4217-a24d-684dc09099e2) has status 200
2025-02-06 14:20:27,172 - basicLogger - INFO - Received event traffic_condition with a trace id of 1cadb790-79b0-4571-a9ff-ab71e4cd150a
2025-02-06 14:20:29,671 - basicLogger - INFO - Response for event traffic_condition (id: 1cadb790-79b0-4571-a9ff-ab71e4cd150a) has status 200
2025-02-06 14:21:39,654 - basicLogger - INFO - Received event temperature_condition with a trace id of 3e575f1f-1265-44b0-9e73-68b3f310978e
2025-02-06 14:21:42,131 - basicLogger - INFO - Response for event temperature_condition (id: 3e575f1f-1265-44b0-9e73-68b3f310978e) has status 200
2025-02-06 14:24:33,964 - basicLogger - INFO - Received event temperature_condition with a trace id of 3f41358b-a913-479a-9de6-824d8e9af5c1
2025-02-06 14:24:33,965 - basicLogger - INFO - Received event temperature_condition with a trace id of 6d177505-2871-4c38-aa40-a24b23ea47d9
2025-02-06 14:24:33,965 - basicLogger - INFO - Received event temperature_condition with a trace id of 0ae59937-0471-450e-9705-350b92897bd7
2025-02-06 14:24:33,965 - basicLogger - INFO - Received event temperature_condition with a trace id of 46ee95c0-052c-405d-ba28-f702482e35ec
2025-02-06 14:24:34,076 - basicLogger - INFO - Received event temperature_condition with a trace id of d222b95c-ba9e-408f-b06f-747da923dbab
2025-02-06 14:24:36,837 - basicLogger - INFO - Response for event temperature_condition (id: 3f41358b-a913-479a-9de6-824d8e9af5c1) has status 200
2025-02-06 14:24:36,864 - basicLogger - INFO - Received event traffic_condition with a trace id of a030799c-0eda-4af1-81ed-fb61ae66faf0
2025-02-06 14:24:36,881 - basicLogger - INFO - Response for event temperature_condition (id: 6d177505-2871-4c38-aa40-a24b23ea47d9) has status 200
2025-02-06 14:24:36,887 - basicLogger - INFO - Received event traffic_condition with a trace id of 18fbb674-1a62-469c-839a-f649fc3b19fe
2025-02-06 14:24:36,891 - basicLogger - INFO - Response for event temperature_condition (id: 0ae59937-0471-450e-9705-350b92897bd7) has status 200
2025-02-06 14:24:36,892 - basicLogger - INFO - Response for event temperature_condition (id: 46ee95c0-052c-405d-ba28-f702482e35ec) has status 200
2025-02-06 14:24:36,900 - basicLogger - INFO - Received event traffic_condition with a trace id of 6d9e017b-0882-45af-8c22-7694509caeac
2025-02-06 14:24:36,901 - basicLogger - INFO - Received event traffic_condition with a trace id of f8af35ac-476b-4bf9-84aa-ab4f91d40ae7
2025-02-06 14:24:36,904 - basicLogger - INFO - Response for event temperature_condition (id: d222b95c-ba9e-408f-b06f-747da923dbab) has status 200
2025-02-06 14:24:36,910 - basicLogger - INFO - Received event traffic_condition with a trace id of 75e7eb90-0f3b-42f6-8140-f0f713d10fc3
2025-02-06 14:24:39,813 - basicLogger - INFO - Response for event traffic_condition (id: 18fbb674-1a62-469c-839a-f649fc3b19fe) has status 200
2025-02-06 14:24:39,820 - basicLogger - INFO - Response for event traffic_condition (id: a030799c-0eda-4af1-81ed-fb61ae66faf0) has status 200
2025-02-06 14:24:39,832 - basicLogger - INFO - Received event temperature_condition with a trace id of c9e8ae7f-608b-41f0-907a-875217e233a1
2025-02-06 14:24:39,842 - basicLogger - INFO - Received event temperature_condition with a trace id of 8ff6fbdd-d947-4590-958d-00ec6397a074
2025-02-06 14:24:39,861 - basicLogger - INFO - Response for event traffic_condition (id: f8af35ac-476b-4bf9-84aa-ab4f91d40ae7) has status 200
2025-02-06 14:24:39,870 - basicLogger - INFO - Response for event traffic_condition (id: 6d9e017b-0882-45af-8c22-7694509caeac) has status 200
2025-02-06 14:24:39,871 - basicLogger - INFO - Response for event traffic_condition (id: 75e7eb90-0f3b-42f6-8140-f0f713d10fc3) has status 200
2025-02-06 14:24:39,884 - basicLogger - INFO - Received event temperature_condition with a trace id of fe5eadac-e06a-4c30-b882-027dd678d67e
2025-02-06 14:24:39,889 - basicLogger - INFO - Received event temperature_condition with a trace id of 1c7e47a3-2b0d-423d-a687-64cc1fb526c3
2025-02-06 14:24:39,890 - basicLogger - INFO - Received event temperature_condition with a trace id of 1fa0f794-4811-434b-9a48-6cbf5c452e7b
2025-02-06 14:24:42,746 - basicLogger - INFO - Response for event temperature_condition (id: 8ff6fbdd-d947-4590-958d-00ec6397a074) has status 200
2025-02-06 14:24:42,749 - basicLogger - INFO - Response for event temperature_condition (id: c9e8ae7f-608b-41f0-907a-875217e233a1) has status 200
2025-02-06 14:24:42,756 - basicLogger - INFO - Received event traffic_condition with a trace id of 50417174-8297-45df-81db-a669cfa60eba
2025-02-06 14:24:42,757 - basicLogger - INFO - Received event traffic_condition with a trace id of d05445b7-97ea-42cf-b22d-2bf524e79274
2025-02-06 14:24:42,801 - basicLogger - INFO - Response for event temperature_condition (id: 1c7e47a3-2b0d-423d-a687-64cc1fb526c3) has status 200
2025-02-06 14:24:42,808 - basicLogger - INFO - Received event traffic_condition with a trace id of 596219c5-7d3a-4575-9175-06a013fd0540
2025-02-06 14:24:42,810 - basicLogger - INFO - Response for event temperature_condition (id: fe5eadac-e06a-4c30-b882-027dd678d67e) has status 200
2025-02-06 14:24:42,810 - basicLogger - INFO - Response for event temperature_condition (id: 1fa0f794-4811-434b-9a48-6cbf5c452e7b) has status 200
2025-02-06 14:24:42,820 - basicLogger - INFO - Received event traffic_condition with a trace id of 8109003e-f931-4764-ba2b-bd17519649ec
2025-02-06 14:24:42,820 - basicLogger - INFO - Received event traffic_condition with a trace id of 0b81519b-0375-4fe6-bfca-6d3a9c3b4bd8
2025-02-06 14:24:45,601 - basicLogger - INFO - Response for event traffic_condition (id: d05445b7-97ea-42cf-b22d-2bf524e79274) has status 200
2025-02-06 14:24:45,618 - basicLogger - INFO - Received event temperature_condition with a trace id of 53d159e1-5a09-411f-9146-4149ad58484d
2025-02-06 14:24:45,650 - basicLogger - INFO - Response for event traffic_condition (id: 50417174-8297-45df-81db-a669cfa60eba) has status 200
2025-02-06 14:24:45,666 - basicLogger - INFO - Received event temperature_condition with a trace id of cf696378-973b-43dc-954d-8e846bb479dc
2025-02-06 14:24:45,692 - basicLogger - INFO - Response for event traffic_condition (id: 8109003e-f931-4764-ba2b-bd17519649ec) has status 200
2025-02-06 14:24:45,703 - basicLogger - INFO - Response for event traffic_condition (id: 596219c5-7d3a-4575-9175-06a013fd0540) has status 200
2025-02-06 14:24:45,703 - basicLogger - INFO - Response for event traffic_condition (id: 0b81519b-0375-4fe6-bfca-6d3a9c3b4bd8) has status 200
2025-02-06 14:24:45,707 - basicLogger - INFO - Received event temperature_condition with a trace id of 1649224b-d20f-4632-bde1-6980cc168f5c
2025-02-06 14:24:45,743 - basicLogger - INFO - Received event temperature_condition with a trace id of 4ddd6c32-8ae6-4d0f-9538-03c956065b4b
2025-02-06 14:24:45,743 - basicLogger - INFO - Received event temperature_condition with a trace id of 214b246c-f219-4d03-812b-6dbe0cd4823a
2025-02-06 14:24:48,458 - basicLogger - INFO - Response for event temperature_condition (id: 53d159e1-5a09-411f-9146-4149ad58484d) has status 200
2025-02-06 14:24:48,464 - basicLogger - INFO - Received event traffic_condition with a trace id of c41d106f-db24-49e2-8ef0-78dded47d491
2025-02-06 14:24:48,509 - basicLogger - INFO - Response for event temperature_condition (id: cf696378-973b-43dc-954d-8e846bb479dc) has status 200
2025-02-06 14:24:48,516 - basicLogger - INFO - Received event traffic_condition with a trace id of 9e879243-d3a1-439e-965d-0b858cc7bf96
2025-02-06 14:24:48,569 - basicLogger - INFO - Response for event temperature_condition (id: 1649224b-d20f-4632-bde1-6980cc168f5c) has status 200
2025-02-06 14:24:48,576 - basicLogger - INFO - Received event traffic_condition with a trace id of bade560a-d093-4e83-b950-3160c7a8b18a
2025-02-06 14:24:48,585 - basicLogger - INFO - Response for event temperature_condition (id: 4ddd6c32-8ae6-4d0f-9538-03c956065b4b) has status 200
2025-02-06 14:24:48,592 - basicLogger - INFO - Received event traffic_condition with a trace id of 0643a47f-5bd2-4b15-9302-fbfb9a7eff08
2025-02-06 14:24:48,594 - basicLogger - INFO - Response for event temperature_condition (id: 214b246c-f219-4d03-812b-6dbe0cd4823a) has status 200
2025-02-06 14:24:48,601 - basicLogger - INFO - Received event traffic_condition with a trace id of bd76ac85-56c7-4f3c-8f5c-2baf516744e7
2025-02-06 14:24:51,358 - basicLogger - INFO - Response for event traffic_condition (id: c41d106f-db24-49e2-8ef0-78dded47d491) has status 200
2025-02-06 14:24:51,369 - basicLogger - INFO - Received event temperature_condition with a trace id of ff023ab8-0168-48de-b61d-0aebada879e4
2025-02-06 14:24:51,384 - basicLogger - INFO - Response for event traffic_condition (id: 9e879243-d3a1-439e-965d-0b858cc7bf96) has status 200
2025-02-06 14:24:51,393 - basicLogger - INFO - Received event temperature_condition with a trace id of 28e8a661-9153-479d-97c5-66ba91002a1e
2025-02-06 14:24:51,431 - basicLogger - INFO - Response for event traffic_condition (id: bade560a-d093-4e83-b950-3160c7a8b18a) has status 200
2025-02-06 14:24:51,441 - basicLogger - INFO - Received event temperature_condition with a trace id of 8ea86638-dd3d-4f55-9c74-95e7dd525f86
2025-02-06 14:24:51,472 - basicLogger - INFO - Response for event traffic_condition (id: bd76ac85-56c7-4f3c-8f5c-2baf516744e7) has status 200
2025-02-06 14:24:51,478 - basicLogger - INFO - Response for event traffic_condition (id: 0643a47f-5bd2-4b15-9302-fbfb9a7eff08) has status 200
2025-02-06 14:24:51,488 - basicLogger - INFO - Received event temperature_condition with a trace id of 160ec58d-eb9b-4f8b-bb74-7ef9ed7bcfa3
2025-02-06 14:24:51,491 - basicLogger - INFO - Received event temperature_condition with a trace id of 522d8be1-552e-4ff1-b179-a29e91e5f78e
2025-02-06 14:24:54,172 - basicLogger - INFO - Response for event temperature_condition (id: ff023ab8-0168-48de-b61d-0aebada879e4) has status 200
2025-02-06 14:24:54,177 - basicLogger - INFO - Received event traffic_condition with a trace id of 57aa93ae-edfb-4316-96cd-776a9984531e
2025-02-06 14:24:54,234 - basicLogger - INFO - Response for event temperature_condition (id: 28e8a661-9153-479d-97c5-66ba91002a1e) has status 200
2025-02-06 14:24:54,240 - basicLogger - INFO - Received event traffic_condition with a trace id of a2183b70-50da-4601-a928-7eafb6d64656
2025-02-06 14:24:54,278 - basicLogger - INFO - Response for event temperature_condition (id: 8ea86638-dd3d-4f55-9c74-95e7dd525f86) has status 200
2025-02-06 14:24:54,284 - basicLogger - INFO - Received event traffic_condition with a trace id of beb08fa2-7804-4b0f-8088-22cdbb6aecc2
2025-02-06 14:24:54,312 - basicLogger - INFO - Response for event temperature_condition (id: 160ec58d-eb9b-4f8b-bb74-7ef9ed7bcfa3) has status 200
2025-02-06 14:24:54,318 - basicLogger - INFO - Received event traffic_condition with a trace id of e5a6a6c0-c4c7-4866-bdef-70c714eb4496
2025-02-06 14:24:54,335 - basicLogger - INFO - Response for event temperature_condition (id: 522d8be1-552e-4ff1-b179-a29e91e5f78e) has status 200
2025-02-06 14:24:54,339 - basicLogger - INFO - Received event traffic_condition with a trace id of c4ae9c3a-f28b-43ac-ab1d-6cc692b2f7db
2025-02-06 14:24:57,046 - basicLogger - INFO - Response for event traffic_condition (id: 57aa93ae-edfb-4316-96cd-776a9984531e) has status 200
2025-02-06 14:24:57,060 - basicLogger - INFO - Received event temperature_condition with a trace id of e5db519f-2574-4b2f-a3a4-c820996219d4
2025-02-06 14:24:57,119 - basicLogger - INFO - Response for event traffic_condition (id: a2183b70-50da-4601-a928-7eafb6d64656) has status 200
2025-02-06 14:24:57,133 - basicLogger - INFO - Received event temperature_condition with a trace id of 612abfbc-4ef2-400b-9fc9-c91504f05588
2025-02-06 14:24:57,164 - basicLogger - INFO - Response for event traffic_condition (id: beb08fa2-7804-4b0f-8088-22cdbb6aecc2) has status 200
2025-02-06 14:24:57,168 - basicLogger - INFO - Response for event traffic_condition (id: e5a6a6c0-c4c7-4866-bdef-70c714eb4496) has status 200
2025-02-06 14:24:57,174 - basicLogger - INFO - Response for event traffic_condition (id: c4ae9c3a-f28b-43ac-ab1d-6cc692b2f7db) has status 200
2025-02-06 14:24:57,182 - basicLogger - INFO - Received event temperature_condition with a trace id of 4a03a8f1-eaf0-4329-be41-a04e69054086
2025-02-06 14:24:57,182 - basicLogger - INFO - Received event temperature_condition with a trace id of 85435c19-2f0d-414a-94f6-a1cbaf06e94d
2025-02-06 14:24:57,192 - basicLogger - INFO - Received event temperature_condition with a trace id of 74568974-770c-4019-afab-d4a9f476cf64
2025-02-06 14:24:59,889 - basicLogger - INFO - Response for event temperature_condition (id: e5db519f-2574-4b2f-a3a4-c820996219d4) has status 200
2025-02-06 14:24:59,892 - basicLogger - INFO - Received event traffic_condition with a trace id of 875234af-3ed2-4320-bfe4-60d5a7875f47
2025-02-06 14:25:00,006 - basicLogger - INFO - Response for event temperature_condition (id: 4a03a8f1-eaf0-4329-be41-a04e69054086) has status 200
2025-02-06 14:25:00,007 - basicLogger - INFO - Response for event temperature_condition (id: 612abfbc-4ef2-400b-9fc9-c91504f05588) has status 200
2025-02-06 14:25:00,018 - basicLogger - INFO - Received event traffic_condition with a trace id of adef4967-9935-4c8f-9075-46a2bb273f4c
2025-02-06 14:25:00,018 - basicLogger - INFO - Received event traffic_condition with a trace id of abd21d44-2f44-4805-9cbc-e5bd15de4b68
2025-02-06 14:25:00,047 - basicLogger - INFO - Response for event temperature_condition (id: 74568974-770c-4019-afab-d4a9f476cf64) has status 200
2025-02-06 14:25:00,053 - basicLogger - INFO - Received event traffic_condition with a trace id of 2a95575b-5ac8-4972-b5a4-2ff5345cd495
2025-02-06 14:25:00,054 - basicLogger - INFO - Response for event temperature_condition (id: 85435c19-2f0d-414a-94f6-a1cbaf06e94d) has status 200
2025-02-06 14:25:00,060 - basicLogger - INFO - Received event traffic_condition with a trace id of cdadf604-3981-4152-825d-b8db4fdcfd57
2025-02-06 14:25:02,657 - basicLogger - INFO - Response for event traffic_condition (id: 875234af-3ed2-4320-bfe4-60d5a7875f47) has status 200
2025-02-06 14:25:02,869 - basicLogger - INFO - Response for event traffic_condition (id: 2a95575b-5ac8-4972-b5a4-2ff5345cd495) has status 200
2025-02-06 14:25:02,897 - basicLogger - INFO - Response for event traffic_condition (id: abd21d44-2f44-4805-9cbc-e5bd15de4b68) has status 200
2025-02-06 14:25:02,903 - basicLogger - INFO - Response for event traffic_condition (id: cdadf604-3981-4152-825d-b8db4fdcfd57) has status 200
2025-02-06 14:25:02,904 - basicLogger - INFO - Response for event traffic_condition (id: adef4967-9935-4c8f-9075-46a2bb273f4c) has status 200
2025-03-13 13:49:49,915 - basicLogger - INFO - Received event temperature_condition with a trace id of 251823e7-ab5d-448b-86f2-5a156214570b
2025-03-13 13:49:49,944 - basicLogger - INFO - Event temperature_condition (id: 251823e7-ab5d-448b-86f2-5a156214570b) sent to Kafka
2025-03-13 13:51:11,871 - basicLogger - INFO - Received event temperature_condition with a trace id of 3dc88261-c15b-413f-b369-05c7e4e75af0
2025-03-13 13:51:11,874 - basicLogger - INFO - Event temperature_condition (id: 3dc88261-c15b-413f-b369-05c7e4e75af0) sent to Kafka
